Note: Unnecessary use of -X or --request, POST is already inferred.
  % Total    % Received % Xferd  Average Speed   Time    Time     Time  Current
                                 Dload  Upload   Total   Spent    Left  Speed
  0     0    0     0    0     0      0      0 --:--:-- --:--:-- --:--:--     0*   Trying 192.168.100.75...
* TCP_NODELAY set
* Connected to xfer1-dev.galileosuite.com (192.168.100.75) port 1447 (#0)
* ALPN, offering h2
* ALPN, offering http/1.1
* Cipher selection: ALL:!EXPORT:!EXPORT40:!EXPORT56:!aNULL:!LOW:!RC4:@STRENGTH
* successfully set certificate verify locations:
*   CAfile: /etc/ssl/cert.pem
  CApath: none
* TLSv1.2 (OUT), TLS handshake, Client hello (1):
} [232 bytes data]
* TLSv1.2 (IN), TLS handshake, Server hello (2):
{ [93 bytes data]
* TLSv1.2 (IN), TLS handshake, Certificate (11):
{ [1132 bytes data]
* TLSv1.2 (IN), TLS handshake, Server key exchange (12):
{ [300 bytes data]
* TLSv1.2 (IN), TLS handshake, Server finished (14):
{ [4 bytes data]
* TLSv1.2 (OUT), TLS handshake, Client key exchange (16):
} [37 bytes data]
* TLSv1.2 (OUT), TLS change cipher, Client hello (1):
} [1 bytes data]
* TLSv1.2 (OUT), TLS handshake, Finished (20):
} [16 bytes data]
* TLSv1.2 (IN), TLS change cipher, Client hello (1):
{ [1 bytes data]
* TLSv1.2 (IN), TLS handshake, Finished (20):
{ [16 bytes data]
* SSL connection using TLSv1.2 / ECDHE-RSA-AES256-GCM-SHA384
* ALPN, server did not agree to a protocol
* Server certificate:
*  subject: C=US; ST=Pennsylvania; O=Advanced Technology Services Group, LLC; OU=Galileo; CN=*.galileosuite.com; emailAddress=support@galileosuite.com
*  start date: May 27 04:21:27 2011 GMT
*  expire date: May 24 04:21:27 2021 GMT
*  issuer: C=US; ST=Pennsylvania; L=Malvern; O=Advanced Technology Services Group, LLC; OU=Galileo; CN=Galileo CA; emailAddress=support@galileosuite.com
*  SSL certificate verify result: unable to get local issuer certificate (20), continuing anyway.
* Server auth using Basic with user 'richs-mbp.api.569a4050-cc20-0137-90a8-39258f526d84'
> POST /ingest/influx/LIVE_atsgroup/write?db=richs-mbp HTTP/1.1
> Host: xfer1-dev.galileosuite.com:1447
> Authorization: Basic cmljaHMtbWJwLmFwaS41NjlhNDA1MC1jYzIwLTAxMzctOTBhOC0zOTI1OGY1MjZkODQ6NTY5Y2M4NjAtY2MyMC0wMTM3LTkwYTktMzkyNThmNTI2ZDg0
> User-Agent: curl/7.54.0
> Accept: */*
> Content-Type: text/plain
> Content-Length: 116
> 
} [116 bytes data]
* upload completely sent off: 116 out of 116 bytes
< HTTP/1.1 204 No Content
< Date: Tue, 08 Oct 2019 18:33:53 GMT
< Server: Apache/2.4.6 (CentOS)
< Cache-Control: no-cache
< Strict-Transport-Security: max-age=31536000
< Public-Key-Pins: pin-sha256="28xOUAZt671k9iaa9EZF95KtJXFt+StFHpsBYtNl92M="; max-age=5184000; includeSubDomains
< 
100   116    0     0  100   116      0   1085 --:--:-- --:--:-- --:--:--  1094
* Connection #0 to host xfer1-dev.galileosuite.com left intact
